<?xml version='1.0' encoding='UTF-8' ?>
<testsuite name="com.devtodo.app.ui.WorkspaceScreenTest" tests="1" failures="1" errors="0" skipped="0" time="22.074" timestamp="2026-09-24T12:36:01" hostname="localhost">
  <properties>
    <property name="device" value="taskdock_api35_review(AVD) - 15" />
    <property name="flavor" value="" />
    <property name="project" value=":app" />
  </properties>
  <testcase name="directoryDrillDownAndSearchKeepTaskReachable" classname="com.devtodo.app.ui.WorkspaceScreenTest" time="18.98">
    <failure>java.lang.AssertionError: expected:&lt;today&gt; but was:&lt;null&gt;
at org.junit.Assert.fail(Assert.java:89)
at org.junit.Assert.failNotEquals(Assert.java:835)
at org.junit.Assert.assertEquals(Assert.java:120)
at org.junit.Assert.assertEquals(Assert.java:146)
at com.devtodo.app.ui.WorkspaceScreenTest.directoryDrillDownAndSearchKeepTaskReachable$lambda$12(WorkspaceScreenTest.kt:302)
at com.devtodo.app.ui.WorkspaceScreenTest.$r8$lambda$Ak_G8b3VFFcrkzhqUH48Enss1sA(Unknown Source:0)
at com.devtodo.app.ui.WorkspaceScreenTest$$ExternalSyntheticLambda4.invoke(D8$$SyntheticClass:0)
at androidx.compose.ui.test.AndroidSynchronization_androidKt.runOnUiThread$lambda$0(AndroidSynchronization.android.kt:37)
at androidx.compose.ui.test.AndroidSynchronization_androidKt.$r8$lambda$opyMdTZ52jorqLaIG4SKpPr_Zno(Unknown Source:0)
at androidx.compose.ui.test.AndroidSynchronization_androidKt$$ExternalSyntheticLambda0.call(D8$$SyntheticClass:0)
at java.util.concurrent.FutureTask.run(FutureTask.java:264)
at java.util.concurrent.Executors$RunnableAdapter.call(Executors.java:487)
at java.util.concurrent.FutureTask.run(FutureTask.java:264)
at android.app.Instrumentation$SyncRunnable.run(Instrumentation.java:2612)
at android.os.Handler.handleCallback(Handler.java:959)
at android.os.Handler.dispatchMessage(Handler.java:100)
at android.os.Looper.loopOnce(Looper.java:232)
at android.os.Looper.loop(Looper.java:317)
at android.app.ActivityThread.main(ActivityThread.java:8705)
at java.lang.reflect.Method.invoke(Native Method)
at com.android.internal.os.RuntimeInit$MethodAndArgsCaller.run(RuntimeInit.java:580)
at com.android.internal.os.ZygoteInit.main(ZygoteInit.java:886)
</failure>
  </testcase>
</testsuite>